<?xml version="1.0" encoding="UTF-8" standalone="no"?>
<testsuite errors="0" failures="0" name="io.cucumber.core.plugin.JUnitFormatter" skipped="0" tests="1" time="67.338">
<testcase classname="Trolley Page For Shoes Functionality" name="Check the price When increase the Quantity" time="66.473">
<system-out><![CDATA[Given user is on ebay homepage..............................................passed
When user types shoes in serach box.........................................passed
And user click on search button.............................................passed
Then user should able to see all shoes products.............................passed
Given user is on shoes Resultpage of Ebay website...........................passed
When user select one product of the shoes...................................passed
And user select shoes colour and size.......................................passed
And user add the product of shoes to basket.................................passed
And user increase the shoes quantity........................................passed
Then user able to see shoes price is increase as per quantity...............passed
]]></system-out>
</testcase>
</testsuite>
